<?xml version="1.0" encoding="UTF-8"?>
<testng-results ignored="0" total="1" passed="0" failed="1" skipped="0">
  <reporter-output>
  </reporter-output>
  <suite started-at="2024-03-30T15:22:07 IST" name="Suite" finished-at="2024-03-30T15:22:47 IST" duration-ms="39996">
    <groups>
    </groups>
    <test started-at="2024-03-30T15:22:07 IST" name="Test" finished-at="2024-03-30T15:22:47 IST" duration-ms="39996">
      <class name="StepDefination.TC01_Register_New_User">
        <test-method is-config="true" signature="launchWebUrl()[pri:0, instance:StepDefination.TC01_Register_New_User@3f1d2e23]" started-at="2024-03-30T15:22:07 IST" name="launchWebUrl" finished-at="2024-03-30T15:22:14 IST" duration-ms="6744" status="PASS">
          <reporter-output>
          </reporter-output>
        </test-method> <!-- launchWebUrl -->
        <test-method signature="Register_New_User()[pri:0, instance:StepDefination.TC01_Register_New_User@3f1d2e23]" started-at="2024-03-30T15:22:14 IST" name="Register_New_User" finished-at="2024-03-30T15:22:47 IST" duration-ms="33068" status="FAIL">
          <exception class="java.lang.AssertionError">
            <message>
              <![CDATA[WebDriverException : WHILE TRYING TO WAIT FOR ELEMENT TO VISABLE ON THE SPECIFIED WEB ELEMENT<b>LogIn Text Verifying</b> is not visible _due_to_the_Exception:- Expected condition failed: waiting for visibility of Proxy element for: DefaultElementLocator 'By.xpath: //h1[@class='login-title']' (tried for 10 second(s) with 500 milliseconds interval)]]>
            </message>
            <full-stacktrace>
              <![CDATA[java.lang.AssertionError: WebDriverException : WHILE TRYING TO WAIT FOR ELEMENT TO VISABLE ON THE SPECIFIED WEB ELEMENT<b>LogIn Text Verifying</b> is not visible _due_to_the_Exception:- Expected condition failed: waiting for visibility of Proxy element for: DefaultElementLocator 'By.xpath: //h1[@class='login-title']' (tried for 10 second(s) with 500 milliseconds interval)
at org.testng.Assert.fail(Assert.java:111)
at Utilities.ActionClass.waitForElementToVisable(ActionClass.java:59)
at Utilities.ActionClass.verifyText(ActionClass.java:116)
at PageObject.Page_01_HomePage.clickOnRegisterNewUser(Page_01_HomePage.java:44)
at StepDefination.TC01_Register_New_User.Register_New_User(TC01_Register_New_User.java:15)
at java.base/jdk.internal.reflect.NativeMethodAccessorImpl.invoke0(Native Method)
at java.base/jdk.internal.reflect.NativeMethodAccessorImpl.invoke(NativeMethodAccessorImpl.java:77)
at java.base/jdk.internal.reflect.DelegatingMethodAccessorImpl.invoke(DelegatingMethodAccessorImpl.java:43)
at java.base/java.lang.reflect.Method.invoke(Method.java:568)
at org.testng.internal.invokers.MethodInvocationHelper.invokeMethod(MethodInvocationHelper.java:139)
at org.testng.internal.invokers.TestInvoker.invokeMethod(TestInvoker.java:664)
at org.testng.internal.invokers.TestInvoker.invokeTestMethod(TestInvoker.java:228)
at org.testng.internal.invokers.MethodRunner.runInSequence(MethodRunner.java:63)
at org.testng.internal.invokers.TestInvoker$MethodInvocationAgent.invoke(TestInvoker.java:961)
at org.testng.internal.invokers.TestInvoker.invokeTestMethods(TestInvoker.java:201)
at org.testng.internal.invokers.TestMethodWorker.invokeTestMethods(TestMethodWorker.java:148)
at org.testng.internal.invokers.TestMethodWorker.run(TestMethodWorker.java:128)
at java.base/java.util.ArrayList.forEach(ArrayList.java:1511)
at org.testng.TestRunner.privateRun(TestRunner.java:819)
at org.testng.TestRunner.run(TestRunner.java:619)
at org.testng.SuiteRunner.runTest(SuiteRunner.java:443)
at org.testng.SuiteRunner.runSequentially(SuiteRunner.java:437)
at org.testng.SuiteRunner.privateRun(SuiteRunner.java:397)
at org.testng.SuiteRunner.run(SuiteRunner.java:336)
at org.testng.SuiteRunnerWorker.runSuite(SuiteRunnerWorker.java:52)
at org.testng.SuiteRunnerWorker.run(SuiteRunnerWorker.java:95)
at org.testng.TestNG.runSuitesSequentially(TestNG.java:1301)
at org.testng.TestNG.runSuitesLocally(TestNG.java:1228)
at org.testng.TestNG.runSuites(TestNG.java:1134)
at org.testng.TestNG.run(TestNG.java:1101)
at org.testng.remote.AbstractRemoteTestNG.run(AbstractRemoteTestNG.java:115)
at org.testng.remote.RemoteTestNG.initAndRun(RemoteTestNG.java:251)
at org.testng.remote.RemoteTestNG.main(RemoteTestNG.java:77)
]]>
            </full-stacktrace>
          </exception> <!-- java.lang.AssertionError -->
          <reporter-output>
          </reporter-output>
        </test-method> <!-- Register_New_User -->
      </class> <!-- StepDefination.TC01_Register_New_User -->
    </test> <!-- Test -->
  </suite> <!-- Suite -->
</testng-results>
