<?xml version="1.0" encoding="UTF-8"?>
<!-- Generated by org.testng.reporters.JUnitReportReporter -->
<testsuite hostname="3I-PC0CF90C" failures="1" tests="1" name="StepDefination.TC02_Sign_With_Exsiting_Data" time="29.683" errors="0" timestamp="2024-04-14T12:42:16 IST" skipped="0">
  <testcase classname="StepDefination.TC02_Sign_With_Exsiting_Data" name="logIn_With_Exsiting_User" time="29.683">
    <failure message="WebDriverException : WHILE TRYING TO WAIT FOR ELEMENT TO CLICKABLE ON THE SPECIFIED WEB ELEMENT&lt;b&gt;Enter EmailID&lt;/b&gt; is not visible _due_to_the_Exception:- Expected condition failed: waiting for element to be clickable: [[ChromeDriver: chrome on windows (af71d1a6516aa24768fdb9bc1711de6a)] -&gt; css selector: input#userEmail] (tried for 10 second(s) with 500 milliseconds interval)" type="java.lang.AssertionError">
      <![CDATA[java.lang.AssertionError: WebDriverException : WHILE TRYING TO WAIT FOR ELEMENT TO CLICKABLE ON THE SPECIFIED WEB ELEMENT<b>Enter EmailID</b> is not visible _due_to_the_Exception:- Expected condition failed: waiting for element to be clickable: [[ChromeDriver: chrome on windows (af71d1a6516aa24768fdb9bc1711de6a)] -> css selector: input#userEmail] (tried for 10 second(s) with 500 milliseconds interval)
at org.testng.Assert.fail(Assert.java:111)
at Utilities.ActionClass.waitForElementToClickable(ActionClass.java:76)
at Utilities.ActionClass.Enter_Text(ActionClass.java:104)
at PageObject.Page_01_HomePage.enter_EmaiID(Page_01_HomePage.java:65)
at StepDefination.TC02_Sign_With_Exsiting_Data.logIn_With_Exsiting_User(TC02_Sign_With_Exsiting_Data.java:15)
at java.base/jdk.internal.reflect.NativeMethodAccessorImpl.invoke0(Native Method)
at java.base/jdk.internal.reflect.NativeMethodAccessorImpl.invoke(NativeMethodAccessorImpl.java:77)
at java.base/jdk.internal.reflect.DelegatingMethodAccessorImpl.invoke(DelegatingMethodAccessorImpl.java:43)
at java.base/java.lang.reflect.Method.invoke(Method.java:568)
at org.testng.internal.invokers.MethodInvocationHelper.invokeMethod(MethodInvocationHelper.java:139)
at org.testng.internal.invokers.TestInvoker.invokeMethod(TestInvoker.java:664)
at org.testng.internal.invokers.TestInvoker.invokeTestMethod(TestInvoker.java:228)
at org.testng.internal.invokers.MethodRunner.runInSequence(MethodRunner.java:63)
at org.testng.internal.invokers.TestInvoker$MethodInvocationAgent.invoke(TestInvoker.java:961)
at org.testng.internal.invokers.TestInvoker.invokeTestMethods(TestInvoker.java:201)
at org.testng.internal.invokers.TestMethodWorker.invokeTestMethods(TestMethodWorker.java:148)
at org.testng.internal.invokers.TestMethodWorker.run(TestMethodWorker.java:128)
at java.base/java.util.ArrayList.forEach(ArrayList.java:1511)
at org.testng.TestRunner.privateRun(TestRunner.java:819)
at org.testng.TestRunner.run(TestRunner.java:619)
at org.testng.SuiteRunner.runTest(SuiteRunner.java:443)
at org.testng.SuiteRunner.runSequentially(SuiteRunner.java:437)
at org.testng.SuiteRunner.privateRun(SuiteRunner.java:397)
at org.testng.SuiteRunner.run(SuiteRunner.java:336)
at org.testng.SuiteRunnerWorker.runSuite(SuiteRunnerWorker.java:52)
at org.testng.SuiteRunnerWorker.run(SuiteRunnerWorker.java:95)
at org.testng.TestNG.runSuitesSequentially(TestNG.java:1301)
at org.testng.TestNG.runSuitesLocally(TestNG.java:1228)
at org.testng.TestNG.runSuites(TestNG.java:1134)
at org.testng.TestNG.run(TestNG.java:1101)
at org.testng.remote.AbstractRemoteTestNG.run(AbstractRemoteTestNG.java:115)
at org.testng.remote.RemoteTestNG.initAndRun(RemoteTestNG.java:251)
at org.testng.remote.RemoteTestNG.main(RemoteTestNG.java:77)
]]>
    </failure>
  </testcase> <!-- logIn_With_Exsiting_User -->
</testsuite> <!-- StepDefination.TC02_Sign_With_Exsiting_Data -->
